<?xml version="1.0" encoding="UTF-8" ?>
<testsuites errors="0"
            failures="1"
            tests="1">

  <testsuite name="abc"
    errors="0" failures="1" hostname="" id="" package="abc" skipped="0"
    tests="1" time="7.798" timestamp="">
  
    <testcase name="Demo test Google" classname="abc" time="7.798" assertions="2">

      <failure message="Expected element &lt;#lst-ib&gt; to have css property &#34;display&#34; - element was not found - expected [0;32m&#34;present&#34;[0m but got: [0;31m&#34;not present&#34;[0m">    at Object.Demo test Google (C:\Users\Oanh\Documents\oldDesktop\BoxControl\tests\abc.js:12:20)
    at process._tickCallback (internal/process/next_tick.js:68:7)</failure>

    <failure message="    at Object.Demo test Google (C:\Users\Oanh\Documents\oldDesktop\BoxControl\tests\abc.js:12:20)">    at process._tickCallback (internal/process/next_tick.js:68:7)</failure>
    </testcase>
  

  

  
  </testsuite>
</testsuites>
